# JRE version: OpenJDK Runtime Environment (8.0_152-b01) (build 1.8.0_152-release-1343-b01)
# Java VM: OpenJDK 64-Bit Server VM (25.152-b01 mixed mode windows-amd64 compressed oops)
Heap:
 PSYoungGen      total 374784K, used 235460K [0x00000000e0000000, 0x00000000f9f00000, 0x0000000100000000)
  eden space 348672K, 62% used [0x00000000e0000000,0x00000000ed4252b0,0x00000000f5480000)
  from space 26112K, 69% used [0x00000000f5480000,0x00000000f664bf80,0x00000000f6e00000)
  to   space 26624K, 0% used [0x00000000f8500000,0x00000000f8500000,0x00000000f9f00000)
 ParOldGen       total 168960K, used 49825K [0x00000000a0000000, 0x00000000aa500000, 0x00000000e0000000)
  object space 168960K, 29% used [0x00000000a0000000,0x00000000a30a8790,0x00000000aa500000)
 Metaspace       used 97289K, capacity 100712K, committed 104472K, reserved 1140736K
  class space    used 11897K, capacity 12500K, committed 13352K, reserved 1048576K
GC Heap History (10 events):
Event: 3535.575 GC heap before
{Heap before GC invocations=23 (full 3):
 PSYoungGen      total 368128K, used 361210K [0x00000000e0000000, 0x00000000fab00000, 0x0000000100000000)
  eden space 340992K, 100% used [0x00000000e0000000,0x00000000f4d00000,0x00000000f4d00000)
  from space 27136K, 74% used [0x00000000f4d00000,0x00000000f60bea48,0x00000000f6780000)
  to   space 27648K, 0% used [0x00000000f9000000,0x00000000f9000000,0x00000000fab00000)
 ParOldGen       total 168960K, used 71646K [0x00000000a0000000, 0x00000000aa500000, 0x00000000e0000000)
  object space 168960K, 42% used [0x00000000a0000000,0x00000000a45f79f8,0x00000000aa500000)
 Metaspace       used 88172K, capacity 93554K, committed 93592K, reserved 1130496K
  class space    used 11196K, capacity 12168K, committed 12200K, reserved 1048576K
Event: 3535.607 GC heap after
Heap after GC invocations=23 (full 3):
 PSYoungGen      total 394240K, used 7594K [0x00000000e0000000, 0x00000000fa380000, 0x0000000100000000)
  eden space 374272K, 0% used [0x00000000e0000000,0x00000000e0000000,0x00000000f6d80000)
  from space 19968K, 38% used [0x00000000f9000000,0x00000000f976a9b0,0x00000000fa380000)
  to   space 27648K, 0% used [0x00000000f6d80000,0x00000000f6d80000,0x00000000f8880000)
 ParOldGen       total 168960K, used 71654K [0x00000000a0000000, 0x00000000aa500000, 0x00000000e0000000)
  object space 168960K, 42% used [0x00000000a0000000,0x00000000a45f99f8,0x00000000aa500000)
 Metaspace       used 88172K, capacity 93554K, committed 93592K, reserved 1130496K
  class space    used 11196K, capacity 12168K, committed 12200K, reserved 1048576K
}
Event: 6122.839 GC heap before
{Heap before GC invocations=24 (full 3):
 PSYoungGen      total 394240K, used 381866K [0x00000000e0000000, 0x00000000fa380000, 0x0000000100000000)
  eden space 374272K, 100% used [0x00000000e0000000,0x00000000f6d80000,0x00000000f6d80000)
  from space 19968K, 38% used [0x00000000f9000000,0x00000000f976a9b0,0x00000000fa380000)
  to   space 27648K, 0% used [0x00000000f6d80000,0x00000000f6d80000,0x00000000f8880000)
 ParOldGen       total 168960K, used 71654K [0x00000000a0000000, 0x00000000aa500000, 0x00000000e0000000)
  object space 168960K, 42% used [0x00000000a0000000,0x00000000a45f99f8,0x00000000aa500000)
 Metaspace       used 90037K, capacity 95774K, committed 96024K, reserved 1132544K
  class space    used 11399K, capacity 12459K, committed 12584K, reserved 1048576K
Event: 6122.930 GC heap after
Heap after GC invocations=24 (full 3):
 PSYoungGen      total 371712K, used 10745K [0x00000000e0000000, 0x00000000f9580000, 0x0000000100000000)
  eden space 360960K, 0% used [0x00000000e0000000,0x00000000e0000000,0x00000000f6080000)
  from space 10752K, 99% used [0x00000000f6d80000,0x00000000f77fe7e8,0x00000000f7800000)
  to   space 27136K, 0% used [0x00000000f7b00000,0x00000000f7b00000,0x00000000f9580000)
 ParOldGen       total 168960K, used 71662K [0x00000000a0000000, 0x00000000aa500000, 0x00000000e0000000)
  object space 168960K, 42% used [0x00000000a0000000,0x00000000a45fb9f8,0x00000000aa500000)
 Metaspace       used 90037K, capacity 95774K, committed 96024K, reserved 1132544K
  class space    used 11399K, capacity 12459K, committed 12584K, reserved 1048576K
}
Event: 6133.657 GC heap before
{Heap before GC invocations=25 (full 3):
 PSYoungGen      total 371712K, used 317600K [0x00000000e0000000, 0x00000000f9580000, 0x0000000100000000)
  eden space 360960K, 85% used [0x00000000e0000000,0x00000000f2ba99c0,0x00000000f6080000)
  from space 10752K, 99% used [0x00000000f6d80000,0x00000000f77fe7e8,0x00000000f7800000)
  to   space 27136K, 0% used [0x00000000f7b00000,0x00000000f7b00000,0x00000000f9580000)
 ParOldGen       total 168960K, used 71662K [0x00000000a0000000, 0x00000000aa500000, 0x00000000e0000000)
  object space 168960K, 42% used [0x00000000a0000000,0x00000000a45fb9f8,0x00000000aa500000)
 Metaspace       used 92616K, capacity 98464K, committed 98584K, reserved 1134592K
  class space    used 11676K, capacity 12744K, committed 12840K, reserved 1048576K
Event: 6133.683 GC heap after
Heap after GC invocations=25 (full 3):
 PSYoungGen      total 360960K, used 12579K [0x00000000e0000000, 0x00000000f8780000, 0x0000000100000000)
  eden space 348160K, 0% used [0x00000000e0000000,0x00000000e0000000,0x00000000f5400000)
  from space 12800K, 98% used [0x00000000f7b00000,0x00000000f8748fe8,0x00000000f8780000)
  to   space 26112K, 0% used [0x00000000f5480000,0x00000000f5480000,0x00000000f6e00000)
 ParOldGen       total 168960K, used 71670K [0x00000000a0000000, 0x00000000aa500000, 0x00000000e0000000)
  object space 168960K, 42% used [0x00000000a0000000,0x00000000a45fd9f8,0x00000000aa500000)
 Metaspace       used 92616K, capacity 98464K, committed 98584K, reserved 1134592K
  class space    used 11676K, capacity 12744K, committed 12840K, reserved 1048576K
}
Event: 6133.683 GC heap before
{Heap before GC invocations=26 (full 4):
 PSYoungGen      total 360960K, used 12579K [0x00000000e0000000, 0x00000000f8780000, 0x0000000100000000)
  eden space 348160K, 0% used [0x00000000e0000000,0x00000000e0000000,0x00000000f5400000)
  from space 12800K, 98% used [0x00000000f7b00000,0x00000000f8748fe8,0x00000000f8780000)
  to   space 26112K, 0% used [0x00000000f5480000,0x00000000f5480000,0x00000000f6e00000)
 ParOldGen       total 168960K, used 71670K [0x00000000a0000000, 0x00000000aa500000, 0x00000000e0000000)
  object space 168960K, 42% used [0x00000000a0000000,0x00000000a45fd9f8,0x00000000aa500000)
 Metaspace       used 92616K, capacity 98464K, committed 98584K, reserved 1134592K
  class space    used 11676K, capacity 12744K, committed 12840K, reserved 1048576K
Event: 6134.058 GC heap after
Heap after GC invocations=26 (full 4):
 PSYoungGen      total 360960K, used 0K [0x00000000e0000000, 0x00000000f8780000, 0x0000000100000000)
  eden space 348160K, 0% used [0x00000000e0000000,0x00000000e0000000,0x00000000f5400000)
  from space 12800K, 0% used [0x00000000f7b00000,0x00000000f7b00000,0x00000000f8780000)
  to   space 26112K, 0% used [0x00000000f5480000,0x00000000f5480000,0x00000000f6e00000)
 ParOldGen       total 168960K, used 49817K [0x00000000a0000000, 0x00000000aa500000, 0x00000000e0000000)
  object space 168960K, 29% used [0x00000000a0000000,0x00000000a30a6790,0x00000000aa500000)
 Metaspace       used 86885K, capacity 90006K, committed 98584K, reserved 1134592K
  class space    used 10749K, capacity 11326K, committed 12840K, reserved 1048576K
}
Event: 6180.362 GC heap before
{Heap before GC invocations=27 (full 4):
 PSYoungGen      total 360960K, used 348160K [0x00000000e0000000, 0x00000000f8780000, 0x0000000100000000)
  eden space 348160K, 100% used [0x00000000e0000000,0x00000000f5400000,0x00000000f5400000)
  from space 12800K, 0% used [0x00000000f7b00000,0x00000000f7b00000,0x00000000f8780000)
  to   space 26112K, 0% used [0x00000000f5480000,0x00000000f5480000,0x00000000f6e00000)
 ParOldGen       total 168960K, used 49817K [0x00000000a0000000, 0x00000000aa500000, 0x00000000e0000000)
  object space 168960K, 29% used [0x00000000a0000000,0x00000000a30a6790,0x00000000aa500000)
 Metaspace       used 92677K, capacity 95912K, committed 99992K, reserved 1136640K
  class space    used 11458K, capacity 12096K, committed 12968K, reserved 1048576K
Event: 6180.388 GC heap after
Heap after GC invocations=27 (full 4):
 PSYoungGen      total 374784K, used 18223K [0x00000000e0000000, 0x00000000f9f00000, 0x0000000100000000)
  eden space 348672K, 0% used [0x00000000e0000000,0x00000000e0000000,0x00000000f5480000)
  from space 26112K, 69% used [0x00000000f5480000,0x00000000f664bf80,0x00000000f6e00000)
  to   space 26624K, 0% used [0x00000000f8500000,0x00000000f8500000,0x00000000f9f00000)
 ParOldGen       total 168960K, used 49825K [0x00000000a0000000, 0x00000000aa500000, 0x00000000e0000000)
  object space 168960K, 29% used [0x00000000a0000000,0x00000000a30a8790,0x00000000aa500000)
 Metaspace       used 92677K, capacity 95912K, committed 99992K, reserved 1136640K
  class space    used 11458K, capacity 12096K, committed 12968K, reserved 1048576K
}

