# JRE version: OpenJDK Runtime Environment (8.0_152-b01) (build 1.8.0_152-release-1343-b01)
# Java VM: OpenJDK 64-Bit Server VM (25.152-b01 mixed mode windows-amd64 compressed oops)
Heap:
 PSYoungGen      total 375296K, used 72667K [0x00000000e0000000, 0x00000000fc000000, 0x0000000100000000)
  eden space 331776K, 10% used [0x00000000e0000000,0x00000000e2210320,0x00000000f4400000)
  from space 43520K, 86% used [0x00000000f4400000,0x00000000f68e6aa0,0x00000000f6e80000)
  to   space 47104K, 0% used [0x00000000f9200000,0x00000000f9200000,0x00000000fc000000)
 ParOldGen       total 297472K, used 134916K [0x00000000a0000000, 0x00000000b2280000, 0x00000000e0000000)
  object space 297472K, 45% used [0x00000000a0000000,0x00000000a83c1330,0x00000000b2280000)
 Metaspace       used 118440K, capacity 127636K, committed 127808K, reserved 1161216K
  class space    used 14615K, capacity 16178K, committed 16256K, reserved 1048576K
GC Heap History (10 events):
Event: 2210.772 GC heap before
{Heap before GC invocations=67 (full 4):
 PSYoungGen      total 375296K, used 347742K [0x00000000e0000000, 0x00000000f9d80000, 0x0000000100000000)
  eden space 327168K, 100% used [0x00000000e0000000,0x00000000f3f80000,0x00000000f3f80000)
  from space 48128K, 42% used [0x00000000f6e80000,0x00000000f8297ba8,0x00000000f9d80000)
  to   space 48128K, 0% used [0x00000000f3f80000,0x00000000f3f80000,0x00000000f6e80000)
 ParOldGen       total 297472K, used 120529K [0x00000000a0000000, 0x00000000b2280000, 0x00000000e0000000)
  object space 297472K, 40% used [0x00000000a0000000,0x00000000a75b4598,0x00000000b2280000)
 Metaspace       used 118112K, capacity 127242K, committed 127552K, reserved 1161216K
  class space    used 14601K, capacity 16165K, committed 16256K, reserved 1048576K
Event: 2210.790 GC heap after
Heap after GC invocations=67 (full 4):
 PSYoungGen      total 375296K, used 19285K [0x00000000e0000000, 0x00000000f9d80000, 0x0000000100000000)
  eden space 327168K, 0% used [0x00000000e0000000,0x00000000e0000000,0x00000000f3f80000)
  from space 48128K, 40% used [0x00000000f3f80000,0x00000000f5255550,0x00000000f6e80000)
  to   space 48128K, 0% used [0x00000000f6e80000,0x00000000f6e80000,0x00000000f9d80000)
 ParOldGen       total 297472K, used 122236K [0x00000000a0000000, 0x00000000b2280000, 0x00000000e0000000)
  object space 297472K, 41% used [0x00000000a0000000,0x00000000a775f0a0,0x00000000b2280000)
 Metaspace       used 118112K, capacity 127242K, committed 127552K, reserved 1161216K
  class space    used 14601K, capacity 16165K, committed 16256K, reserved 1048576K
}
Event: 2211.442 GC heap before
{Heap before GC invocations=68 (full 4):
 PSYoungGen      total 375296K, used 346453K [0x00000000e0000000, 0x00000000f9d80000, 0x0000000100000000)
  eden space 327168K, 100% used [0x00000000e0000000,0x00000000f3f80000,0x00000000f3f80000)
  from space 48128K, 40% used [0x00000000f3f80000,0x00000000f5255550,0x00000000f6e80000)
  to   space 48128K, 0% used [0x00000000f6e80000,0x00000000f6e80000,0x00000000f9d80000)
 ParOldGen       total 297472K, used 122236K [0x00000000a0000000, 0x00000000b2280000, 0x00000000e0000000)
  object space 297472K, 41% used [0x00000000a0000000,0x00000000a775f0a0,0x00000000b2280000)
 Metaspace       used 118126K, capacity 127248K, committed 127552K, reserved 1161216K
  class space    used 14601K, capacity 16166K, committed 16256K, reserved 1048576K
Event: 2211.477 GC heap after
Heap after GC invocations=68 (full 4):
 PSYoungGen      total 375296K, used 19129K [0x00000000e0000000, 0x00000000f9d80000, 0x0000000100000000)
  eden space 327168K, 0% used [0x00000000e0000000,0x00000000e0000000,0x00000000f3f80000)
  from space 48128K, 39% used [0x00000000f6e80000,0x00000000f812e6a8,0x00000000f9d80000)
  to   space 48128K, 0% used [0x00000000f3f80000,0x00000000f3f80000,0x00000000f6e80000)
 ParOldGen       total 297472K, used 131343K [0x00000000a0000000, 0x00000000b2280000, 0x00000000e0000000)
  object space 297472K, 44% used [0x00000000a0000000,0x00000000a8043e20,0x00000000b2280000)
 Metaspace       used 118126K, capacity 127248K, committed 127552K, reserved 1161216K
  class space    used 14601K, capacity 16166K, committed 16256K, reserved 1048576K
}
Event: 2212.131 GC heap before
{Heap before GC invocations=69 (full 4):
 PSYoungGen      total 375296K, used 346297K [0x00000000e0000000, 0x00000000f9d80000, 0x0000000100000000)
  eden space 327168K, 100% used [0x00000000e0000000,0x00000000f3f80000,0x00000000f3f80000)
  from space 48128K, 39% used [0x00000000f6e80000,0x00000000f812e6a8,0x00000000f9d80000)
  to   space 48128K, 0% used [0x00000000f3f80000,0x00000000f3f80000,0x00000000f6e80000)
 ParOldGen       total 297472K, used 131343K [0x00000000a0000000, 0x00000000b2280000, 0x00000000e0000000)
  object space 297472K, 44% used [0x00000000a0000000,0x00000000a8043e20,0x00000000b2280000)
 Metaspace       used 118140K, capacity 127248K, committed 127552K, reserved 1161216K
  class space    used 14601K, capacity 16166K, committed 16256K, reserved 1048576K
Event: 2212.158 GC heap after
Heap after GC invocations=69 (full 4):
 PSYoungGen      total 375296K, used 18761K [0x00000000e0000000, 0x00000000f9d80000, 0x0000000100000000)
  eden space 327168K, 0% used [0x00000000e0000000,0x00000000e0000000,0x00000000f3f80000)
  from space 48128K, 38% used [0x00000000f3f80000,0x00000000f51d2768,0x00000000f6e80000)
  to   space 48128K, 0% used [0x00000000f6e80000,0x00000000f6e80000,0x00000000f9d80000)
 ParOldGen       total 297472K, used 133263K [0x00000000a0000000, 0x00000000b2280000, 0x00000000e0000000)
  object space 297472K, 44% used [0x00000000a0000000,0x00000000a8223d30,0x00000000b2280000)
 Metaspace       used 118140K, capacity 127248K, committed 127552K, reserved 1161216K
  class space    used 14601K, capacity 16166K, committed 16256K, reserved 1048576K
}
Event: 2212.986 GC heap before
{Heap before GC invocations=70 (full 4):
 PSYoungGen      total 375296K, used 345929K [0x00000000e0000000, 0x00000000f9d80000, 0x0000000100000000)
  eden space 327168K, 100% used [0x00000000e0000000,0x00000000f3f80000,0x00000000f3f80000)
  from space 48128K, 38% used [0x00000000f3f80000,0x00000000f51d2768,0x00000000f6e80000)
  to   space 48128K, 0% used [0x00000000f6e80000,0x00000000f6e80000,0x00000000f9d80000)
 ParOldGen       total 297472K, used 133263K [0x00000000a0000000, 0x00000000b2280000, 0x00000000e0000000)
  object space 297472K, 44% used [0x00000000a0000000,0x00000000a8223d30,0x00000000b2280000)
 Metaspace       used 118197K, capacity 127320K, committed 127552K, reserved 1161216K
  class space    used 14603K, capacity 16168K, committed 16256K, reserved 1048576K
Event: 2213.000 GC heap after
Heap after GC invocations=70 (full 4):
 PSYoungGen      total 379904K, used 11120K [0x00000000e0000000, 0x00000000fb680000, 0x0000000100000000)
  eden space 331776K, 0% used [0x00000000e0000000,0x00000000e0000000,0x00000000f4400000)
  from space 48128K, 23% used [0x00000000f6e80000,0x00000000f795c3e0,0x00000000f9d80000)
  to   space 43520K, 0% used [0x00000000f4400000,0x00000000f4400000,0x00000000f6e80000)
 ParOldGen       total 297472K, used 134148K [0x00000000a0000000, 0x00000000b2280000, 0x00000000e0000000)
  object space 297472K, 45% used [0x00000000a0000000,0x00000000a8301270,0x00000000b2280000)
 Metaspace       used 118197K, capacity 127320K, committed 127552K, reserved 1161216K
  class space    used 14603K, capacity 16168K, committed 16256K, reserved 1048576K
}
Event: 2217.086 GC heap before
{Heap before GC invocations=71 (full 4):
 PSYoungGen      total 379904K, used 342896K [0x00000000e0000000, 0x00000000fb680000, 0x0000000100000000)
  eden space 331776K, 100% used [0x00000000e0000000,0x00000000f4400000,0x00000000f4400000)
  from space 48128K, 23% used [0x00000000f6e80000,0x00000000f795c3e0,0x00000000f9d80000)
  to   space 43520K, 0% used [0x00000000f4400000,0x00000000f4400000,0x00000000f6e80000)
 ParOldGen       total 297472K, used 134148K [0x00000000a0000000, 0x00000000b2280000, 0x00000000e0000000)
  object space 297472K, 45% used [0x00000000a0000000,0x00000000a8301270,0x00000000b2280000)
 Metaspace       used 118378K, capacity 127548K, committed 127808K, reserved 1161216K
  class space    used 14611K, capacity 16174K, committed 16256K, reserved 1048576K
Event: 2217.133 GC heap after
Heap after GC invocations=71 (full 4):
 PSYoungGen      total 375296K, used 37786K [0x00000000e0000000, 0x00000000fc000000, 0x0000000100000000)
  eden space 331776K, 0% used [0x00000000e0000000,0x00000000e0000000,0x00000000f4400000)
  from space 43520K, 86% used [0x00000000f4400000,0x00000000f68e6aa0,0x00000000f6e80000)
  to   space 47104K, 0% used [0x00000000f9200000,0x00000000f9200000,0x00000000fc000000)
 ParOldGen       total 297472K, used 134916K [0x00000000a0000000, 0x00000000b2280000, 0x00000000e0000000)
  object space 297472K, 45% used [0x00000000a0000000,0x00000000a83c1330,0x00000000b2280000)
 Metaspace       used 118378K, capacity 127548K, committed 127808K, reserved 1161216K
  class space    used 14611K, capacity 16174K, committed 16256K, reserved 1048576K
}

